This is pdfTeX, Version 3.1415926-2.5-1.40.14 (MiKTeX 2.9) (preloaded format=pdflatex 2014.9.5)  23 SEP 2016 16:18
entering extended mode
**C:/Users/Christiaan/Documents/latex/c++/week2p1/report.tex
(C:/Users/Christiaan/Documents/latex/c++/week2p1/report.tex
LaTeX2e <2011/06/27>
Babel <v3.8m> and hyphenation patterns for english, afrikaans, ancientgreek, ar
abic, armenian, assamese, basque, bengali, bokmal, bulgarian, catalan, coptic, 
croatian, czech, danish, dutch, esperanto, estonian, farsi, finnish, french, ga
lician, german, german-x-2013-05-26, greek, gujarati, hindi, hungarian, iceland
ic, indonesian, interlingua, irish, italian, kannada, kurmanji, latin, latvian,
 lithuanian, malayalam, marathi, mongolian, mongolianlmc, monogreek, ngerman, n
german-x-2013-05-26, nynorsk, oriya, panjabi, pinyin, polish, portuguese, roman
ian, russian, sanskrit, serbian, slovak, slovenian, spanish, swedish, swissgerm
an, tamil, telugu, turkish, turkmen, ukenglish, ukrainian, uppersorbian, usengl
ishmax, welsh, loaded.
("C:\Program Files (x86)\MiKTeX 2.9\tex\latex\base\article.cls"
Document Class: article 2007/10/19 v1.4h Standard LaTeX document class
("C:\Program Files (x86)\MiKTeX 2.9\tex\latex\base\size10.clo"
File: size10.clo 2007/10/19 v1.4h Standard LaTeX file (size option)
)
\c@part=\count79
\c@section=\count80
\c@subsection=\count81
\c@subsubsection=\count82
\c@paragraph=\count83
\c@subparagraph=\count84
\c@figure=\count85
\c@table=\count86
\abovecaptionskip=\skip41
\belowcaptionskip=\skip42
\bibindent=\dimen102
)
("C:\Program Files (x86)\MiKTeX 2.9\tex\latex\a4wide\a4wide.sty"
Package: a4wide 1994/08/30

("C:\Program Files (x86)\MiKTeX 2.9\tex\latex\ntgclass\a4.sty"
Package: a4 2004/04/15 v1.2g A4 based page layout
))
("C:\Program Files (x86)\MiKTeX 2.9\tex\latex\psnfss\times.sty"
Package: times 2005/04/12 PSNFSS-v9.2a (SPQR) 
)
("C:\Program Files (x86)\MiKTeX 2.9\tex\generic\babel\babel.sty"
Package: babel 2008/07/08 v3.8m The Babel package

*************************************
* Local config file bblopts.cfg used
*
("C:\Program Files (x86)\MiKTeX 2.9\tex\latex\00miktex\bblopts.cfg"
File: bblopts.cfg 2006/07/31 v1.0 MiKTeX 'babel' configuration
)
("C:\Program Files (x86)\MiKTeX 2.9\tex\generic\babel\english.ldf"
Language: english 2005/03/30 v3.3o English support from the babel system

("C:\Program Files (x86)\MiKTeX 2.9\tex\generic\babel\babel.def"
File: babel.def 2008/07/08 v3.8m Babel common definitions
\babel@savecnt=\count87
\U@D=\dimen103
)
\l@canadian = a dialect from \language\l@american 
\l@australian = a dialect from \language\l@british 
\l@newzealand = a dialect from \language\l@british 
))
("C:\Program Files (x86)\MiKTeX 2.9\tex\latex\psnfss\courier.sty"
Package: courier 2005/04/12 PSNFSS-v9.2a (WaS) 
)
("C:\Program Files (x86)\MiKTeX 2.9\tex\latex\listings\listings.sty"
("C:\Program Files (x86)\MiKTeX 2.9\tex\latex\graphics\keyval.sty"
Package: keyval 1999/03/16 v1.13 key=value parser (DPC)
\KV@toks@=\toks14
)
\lst@mode=\count88
\lst@gtempboxa=\box26
\lst@token=\toks15
\lst@length=\count89
\lst@currlwidth=\dimen104
\lst@column=\count90
\lst@pos=\count91
\lst@lostspace=\dimen105
\lst@width=\dimen106
\lst@newlines=\count92
\lst@lineno=\count93
\lst@maxwidth=\dimen107

("C:\Program Files (x86)\MiKTeX 2.9\tex\latex\listings\lstmisc.sty"
File: lstmisc.sty 2014/03/04 1.5c (Carsten Heinz)
\c@lstnumber=\count94
\lst@skipnumbers=\count95
\lst@framebox=\box27
)
("C:\Program Files (x86)\MiKTeX 2.9\tex\latex\listings\listings.cfg"
File: listings.cfg 2014/03/04 1.5c listings configuration
))
Package: listings 2014/03/04 1.5c (Carsten Heinz)

("C:\Program Files (x86)\MiKTeX 2.9\tex\latex\graphics\color.sty"
Package: color 2005/11/14 v1.0j Standard LaTeX Color (DPC)

("C:\Program Files (x86)\MiKTeX 2.9\tex\latex\00miktex\color.cfg"
File: color.cfg 2007/01/18 v1.5 color configuration of teTeX/TeXLive
)
Package color Info: Driver file: pdftex.def on input line 130.

("C:\Program Files (x86)\MiKTeX 2.9\tex\latex\pdftex-def\pdftex.def"
File: pdftex.def 2011/05/27 v0.06d Graphics/color for pdfTeX

("C:\Program Files (x86)\MiKTeX 2.9\tex\generic\oberdiek\infwarerr.sty"
Package: infwarerr 2010/04/08 v1.3 Providing info/warning/error messages (HO)
)
("C:\Program Files (x86)\MiKTeX 2.9\tex\generic\oberdiek\ltxcmds.sty"
Package: ltxcmds 2011/11/09 v1.22 LaTeX kernel commands for general use (HO)
)
\Gread@gobject=\count96
))
("C:\Program Files (x86)\MiKTeX 2.9\tex\latex\listings\lstlang1.sty"
File: lstlang1.sty 2014/03/04 1.5c listings language file
)
("C:\Program Files (x86)\MiKTeX 2.9\tex\latex\listings\lstlang1.sty"
File: lstlang1.sty 2014/03/04 1.5c listings language file
)
("C:\Program Files (x86)\MiKTeX 2.9\tex\latex\listings\lstmisc.sty"
File: lstmisc.sty 2014/03/04 1.5c (Carsten Heinz)
)
(C:\Users\Christiaan\Documents\latex\c++\week2p1\report.aux)
LaTeX Font Info:    Checking defaults for OML/cmm/m/it on input line 41.
LaTeX Font Info:    ... okay on input line 41.
LaTeX Font Info:    Checking defaults for T1/cmr/m/n on input line 41.
LaTeX Font Info:    ... okay on input line 41.
LaTeX Font Info:    Checking defaults for OT1/cmr/m/n on input line 41.
LaTeX Font Info:    ... okay on input line 41.
LaTeX Font Info:    Checking defaults for OMS/cmsy/m/n on input line 41.
LaTeX Font Info:    ... okay on input line 41.
LaTeX Font Info:    Checking defaults for OMX/cmex/m/n on input line 41.
LaTeX Font Info:    ... okay on input line 41.
LaTeX Font Info:    Checking defaults for U/cmr/m/n on input line 41.
LaTeX Font Info:    ... okay on input line 41.
LaTeX Font Info:    Try loading font information for OT1+ptm on input line 41.

("C:\Program Files (x86)\MiKTeX 2.9\tex\latex\psnfss\ot1ptm.fd"
File: ot1ptm.fd 2001/06/04 font definitions for OT1/ptm.
)
\c@lstlisting=\count97

("C:\Program Files (x86)\MiKTeX 2.9\tex\context\base\supp-pdf.mkii"
[Loading MPS to PDF converter (version 2006.09.02).]
\scratchcounter=\count98
\scratchdimen=\dimen108
\scratchbox=\box28
\nofMPsegments=\count99
\nofMParguments=\count100
\everyMPshowfont=\toks16
\MPscratchCnt=\count101
\MPscratchDim=\dimen109
\MPnumerator=\count102
\makeMPintoPDFobject=\count103
\everyMPtoPDFconversion=\toks17
)
LaTeX Font Info:    External font `cmex10' loaded for size
(Font)              <12> on input line 54.
LaTeX Font Info:    External font `cmex10' loaded for size
(Font)              <8> on input line 54.
LaTeX Font Info:    External font `cmex10' loaded for size
(Font)              <6> on input line 54.
LaTeX Font Info:    Font shape `OT1/ptm/bx/n' in size <14.4> not available
(Font)              Font shape `OT1/ptm/b/n' tried instead on input line 56.
LaTeX Font Info:    Try loading font information for OT1+pcr on input line 58.
 ("C:\Program Files (x86)\MiKTeX 2.9\tex\latex\psnfss\ot1pcr.fd"
File: ot1pcr.fd 2001/06/04 font definitions for OT1/pcr.
)
LaTeX Font Info:    Font shape `OT1/ptm/bx/n' in size <12> not available
(Font)              Font shape `OT1/ptm/b/n' tried instead on input line 61.

(C:\Users\Christiaan\Documents\latex\c++\week2p1\src/a12/bignum.h)
(C:\Users\Christiaan\Documents\latex\c++\week2p1\src/a12/posmod.cc)
(C:\Users\Christiaan\Documents\latex\c++\week2p1\src/a12/printbig.cc [1

{C:/ProgramData/MiKTeX/2.9/pdftex/config/pdftex.map}])
(C:\Users\Christiaan\Documents\latex\c++\week2p1\src/a12/printsmall.cc)
[2]
LaTeX Font Info:    Try loading font information for OMS+ptm on input line 75.
 ("C:\Program Files (x86)\MiKTeX 2.9\tex\latex\psnfss\omsptm.fd"
File: omsptm.fd 
)
LaTeX Font Info:    Font shape `OMS/ptm/m/n' in size <10> not available
(Font)              Font shape `OMS/cmsy/m/n' tried instead on input line 75.

(C:\Users\Christiaan\Documents\latex\c++\week2p1\src/a13o/main.h)
(C:\Users\Christiaan\Documents\latex\c++\week2p1\src/a13o/main.cc)
(C:\Users\Christiaan\Documents\latex\c++\week2p1\src/a13o/fib.cc) [3]
(C:\Users\Christiaan\Documents\latex\c++\week2p1\src/a13o/rawfib.cc)
(C:\Users\Christiaan\Documents\latex\c++\week2p1\src/a14/main.h [4])
(C:\Users\Christiaan\Documents\latex\c++\week2p1\src/a14/main.cc)
(C:\Users\Christiaan\Documents\latex\c++\week2p1\src/a14/computequality.cc)
(C:\Users\Christiaan\Documents\latex\c++\week2p1\src/a14/computescores.cc
[5]) (C:\Users\Christiaan\Documents\latex\c++\week2p1\src/a14/endcomment.cc)
(C:\Users\Christiaan\Documents\latex\c++\week2p1\src/a14/endline.cc)
(C:\Users\Christiaan\Documents\latex\c++\week2p1\src/a14/getinput.cc [6])
(C:\Users\Christiaan\Documents\latex\c++\week2p1\src/a14/printscores.cc)
(C:\Users\Christiaan\Documents\latex\c++\week2p1\src/a14/startcomment.cc)
[7]
Overfull \hbox (5.79266pt too wide) in paragraph at lines 133--134
[]\OT1/ptm/m/n/10 Shift search: \OT1/pcr/m/n/10 time ./main 1844674407370955161
5 1 30000000 \OT1/ptm/m/n/10 gave a real of 0m4.978s 
 []


Overfull \hbox (21.53265pt too wide) in paragraph at lines 134--135
[]\OT1/ptm/m/n/10 Truncate search: \OT1/pcr/m/n/10 time ./main 1844674407370955
1615 2 30000000 \OT1/ptm/m/n/10 gave a real of 0m2.904s 
 []


Overfull \hbox (13.5627pt too wide) in paragraph at lines 135--136
[]\OT1/ptm/m/n/10 Binary search: \OT1/pcr/m/n/10 time ./main 184467440737095516
15 3 30000000 \OT1/ptm/m/n/10 gave a real of 0m0.874s 
 []

(C:\Users\Christiaan\Documents\latex\c++\week2p1\src/a15/main.h)
(C:\Users\Christiaan\Documents\latex\c++\week2p1\src/a15/main.cc [8])
(C:\Users\Christiaan\Documents\latex\c++\week2p1\src/a15/binary.cc [9])
(C:\Users\Christiaan\Documents\latex\c++\week2p1\src/a15/lsb.cc)
(C:\Users\Christiaan\Documents\latex\c++\week2p1\src/a15/shift.cc)
(C:\Users\Christiaan\Documents\latex\c++\week2p1\src/a15/truncate.cc [10])
Missing character: There is no Ã in font ptmr7t!
Missing character: There is no ¨ in font ptmr7t!
Missing character: There is no Ã in font ptmr7t!
Missing character: There is no ¨ in font ptmr7t!

(C:\Users\Christiaan\Documents\latex\c++\week2p1\src/a16/main.ih)
(C:\Users\Christiaan\Documents\latex\c++\week2p1\src/a16/main.cc [11])
(C:\Users\Christiaan\Documents\latex\c++\week2p1\src/a16/arguments.cc)
(C:\Users\Christiaan\Documents\latex\c++\week2p1\src/a16/compresschar.cc)
(C:\Users\Christiaan\Documents\latex\c++\week2p1\src/a16/decompresschar.cc
[12]) (C:\Users\Christiaan\Documents\latex\c++\week2p1\src/a16/process.cc)
[13] (C:\Users\Christiaan\Documents\latex\c++\week2p1\report.aux) ) 
Here is how much of TeX's memory you used:
 3134 strings out of 493921
 46647 string characters out of 3144862
 309052 words of memory out of 3000000
 6322 multiletter control sequences out of 15000+200000
 18012 words of font info for 41 fonts, out of 3000000 for 9000
 841 hyphenation exceptions out of 8191
 33i,6n,58p,405b,1515s stack positions out of 5000i,500n,10000p,200000b,50000s
{C:/Program 
Files (x86)/MiKTeX 2.9/fonts/enc/dvips/fontname/8r.enc}<C:/Program Files (x86)/
MiKTeX 2.9/fonts/type1/public/amsfonts/cm/cmsy10.pfb><C:/Program Files (x86)/Mi
KTeX 2.9/fonts/type1/urw/courier/ucrr8a.pfb><C:/Program Files (x86)/MiKTeX 2.9/
fonts/type1/urw/times/utmb8a.pfb><C:/Program Files (x86)/MiKTeX 2.9/fonts/type1
/urw/times/utmr8a.pfb>
Output written on report.pdf (13 pages, 90451 bytes).
PDF statistics:
 62 PDF objects out of 1000 (max. 8388607)
 0 named destinations out of 1000 (max. 500000)
 1 words of extra memory for PDF output out of 10000 (max. 10000000)

